<?xml version="1.0" encoding="UTF-8"?>
<testsuite xmlns:xsi="http://www.w3.org/2001/XMLSchema-instance" xsi:noNamespaceSchemaLocation="https://maven.apache.org/surefire/maven-surefire-plugin/xsd/surefire-test-report.xsd" name="com.mycompany.app.AppTest" time="0.009" tests="1" errors="0" skipped="0" failures="0">
  <properties>
    <property name="sun.desktop" value="gnome"/>
    <property name="awt.toolkit" value="sun.awt.X11.XToolkit"/>
    <property name="file.encoding.pkg" value="sun.io"/>
    <property name="java.specification.version" value="1.8"/>
    <property name="sun.cpu.isalist" value=""/>
    <property name="sun.jnu.encoding" value="UTF-8"/>
    <property name="java.class.path" value="/home/santi/Documents/OPC/OPC-WS-Driver/target/test-classes:/home/santi/Documents/OPC/OPC-WS-Driver/target/classes:/home/santi/.m2/repository/junit/junit/3.8.1/junit-3.8.1.jar:/home/santi/.m2/repository/org/eclipse/milo/sdk-server/0.2.1/sdk-server-0.2.1.jar:/home/santi/.m2/repository/org/eclipse/milo/stack-core/0.2.1/stack-core-0.2.1.jar:/home/santi/.m2/repository/com/google/guava/guava/19.0/guava-19.0.jar:/home/santi/.m2/repository/com/google/code/findbugs/jsr305/3.0.1/jsr305-3.0.1.jar:/home/santi/.m2/repository/io/netty/netty-codec/4.1.25.Final/netty-codec-4.1.25.Final.jar:/home/santi/.m2/repository/io/netty/netty-transport/4.1.25.Final/netty-transport-4.1.25.Final.jar:/home/santi/.m2/repository/io/netty/netty-resolver/4.1.25.Final/netty-resolver-4.1.25.Final.jar:/home/santi/.m2/repository/io/netty/netty-handler/4.1.25.Final/netty-handler-4.1.25.Final.jar:/home/santi/.m2/repository/io/netty/netty-buffer/4.1.25.Final/netty-buffer-4.1.25.Final.jar:/home/santi/.m2/repository/io/netty/netty-common/4.1.25.Final/netty-common-4.1.25.Final.jar:/home/santi/.m2/repository/org/jooq/jool/0.9.10/jool-0.9.10.jar:/home/santi/.m2/repository/org/eclipse/milo/sdk-core/0.2.1/sdk-core-0.2.1.jar:/home/santi/.m2/repository/io/dropwizard/metrics/metrics-core/3.2.6/metrics-core-3.2.6.jar:/home/santi/.m2/repository/org/eclipse/milo/sdk-client/0.2.1/sdk-client-0.2.1.jar:/home/santi/.m2/repository/org/eclipse/milo/bsd-parser-core/0.2.1/bsd-parser-core-0.2.1.jar:/home/santi/.m2/repository/javax/xml/bind/jaxb-api/2.3.0/jaxb-api-2.3.0.jar:/home/santi/.m2/repository/com/codepoetics/protonpack/1.8/protonpack-1.8.jar:/home/santi/.m2/repository/org/eclipse/milo/stack-client/0.2.1/stack-client-0.2.1.jar:/home/santi/.m2/repository/org/eclipse/milo/stack-server/0.2.1/stack-server-0.2.1.jar:/home/santi/.m2/repository/org/java-websocket/Java-WebSocket/1.3.8/Java-WebSocket-1.3.8.jar:/home/santi/.m2/repository/org/slf4j/slf4j-api/1.7.5/slf4j-api-1.7.5.jar:/home/santi/.m2/repository/org/slf4j/slf4j-simple/1.6.4/slf4j-simple-1.6.4.jar:/home/santi/.m2/repository/org/mongodb/morphia/morphia/1.3.1/morphia-1.3.1.jar:/home/santi/.m2/repository/org/mongodb/mongo-java-driver/3.6.4/mongo-java-driver-3.6.4.jar:/home/santi/.m2/repository/cglib/cglib-nodep/2.2.2/cglib-nodep-2.2.2.jar:/home/santi/.m2/repository/com/thoughtworks/proxytoys/proxytoys/1.0/proxytoys-1.0.jar:/home/santi/.m2/repository/com/google/code/gson/gson/2.8.5/gson-2.8.5.jar:/home/santi/.m2/repository/com/rabbitmq/amqp-client/5.3.0/amqp-client-5.3.0.jar:"/>
    <property name="java.vm.vendor" value="Oracle Corporation"/>
    <property name="sun.arch.data.model" value="64"/>
    <property name="java.vendor.url" value="http://java.oracle.com/"/>
    <property name="user.timezone" value=""/>
    <property name="java.vm.specification.version" value="1.8"/>
    <property name="os.name" value="Linux"/>
    <property name="user.country" value="US"/>
    <property name="sun.java.launcher" value="SUN_STANDARD"/>
    <property name="sun.boot.library.path" value="/usr/lib/jvm/java-8-openjdk-amd64/jre/lib/amd64"/>
    <property name="sun.java.command" value="/home/santi/Documents/OPC/OPC-WS-Driver/target/surefire/surefirebooter1014147880813108787.jar /home/santi/Documents/OPC/OPC-WS-Driver/target/surefire 2018-08-10T23-55-57_976-jvmRun1 surefire4500698612427979726tmp surefire_04029780252460392718tmp"/>
    <property name="surefire.test.class.path" value="/home/santi/Documents/OPC/OPC-WS-Driver/target/test-classes:/home/santi/Documents/OPC/OPC-WS-Driver/target/classes:/home/santi/.m2/repository/junit/junit/3.8.1/junit-3.8.1.jar:/home/santi/.m2/repository/org/eclipse/milo/sdk-server/0.2.1/sdk-server-0.2.1.jar:/home/santi/.m2/repository/org/eclipse/milo/stack-core/0.2.1/stack-core-0.2.1.jar:/home/santi/.m2/repository/com/google/guava/guava/19.0/guava-19.0.jar:/home/santi/.m2/repository/com/google/code/findbugs/jsr305/3.0.1/jsr305-3.0.1.jar:/home/santi/.m2/repository/io/netty/netty-codec/4.1.25.Final/netty-codec-4.1.25.Final.jar:/home/santi/.m2/repository/io/netty/netty-transport/4.1.25.Final/netty-transport-4.1.25.Final.jar:/home/santi/.m2/repository/io/netty/netty-resolver/4.1.25.Final/netty-resolver-4.1.25.Final.jar:/home/santi/.m2/repository/io/netty/netty-handler/4.1.25.Final/netty-handler-4.1.25.Final.jar:/home/santi/.m2/repository/io/netty/netty-buffer/4.1.25.Final/netty-buffer-4.1.25.Final.jar:/home/santi/.m2/repository/io/netty/netty-common/4.1.25.Final/netty-common-4.1.25.Final.jar:/home/santi/.m2/repository/org/jooq/jool/0.9.10/jool-0.9.10.jar:/home/santi/.m2/repository/org/eclipse/milo/sdk-core/0.2.1/sdk-core-0.2.1.jar:/home/santi/.m2/repository/io/dropwizard/metrics/metrics-core/3.2.6/metrics-core-3.2.6.jar:/home/santi/.m2/repository/org/eclipse/milo/sdk-client/0.2.1/sdk-client-0.2.1.jar:/home/santi/.m2/repository/org/eclipse/milo/bsd-parser-core/0.2.1/bsd-parser-core-0.2.1.jar:/home/santi/.m2/repository/javax/xml/bind/jaxb-api/2.3.0/jaxb-api-2.3.0.jar:/home/santi/.m2/repository/com/codepoetics/protonpack/1.8/protonpack-1.8.jar:/home/santi/.m2/repository/org/eclipse/milo/stack-client/0.2.1/stack-client-0.2.1.jar:/home/santi/.m2/repository/org/eclipse/milo/stack-server/0.2.1/stack-server-0.2.1.jar:/home/santi/.m2/repository/org/java-websocket/Java-WebSocket/1.3.8/Java-WebSocket-1.3.8.jar:/home/santi/.m2/repository/org/slf4j/slf4j-api/1.7.5/slf4j-api-1.7.5.jar:/home/santi/.m2/repository/org/slf4j/slf4j-simple/1.6.4/slf4j-simple-1.6.4.jar:/home/santi/.m2/repository/org/mongodb/morphia/morphia/1.3.1/morphia-1.3.1.jar:/home/santi/.m2/repository/org/mongodb/mongo-java-driver/3.6.4/mongo-java-driver-3.6.4.jar:/home/santi/.m2/repository/cglib/cglib-nodep/2.2.2/cglib-nodep-2.2.2.jar:/home/santi/.m2/repository/com/thoughtworks/proxytoys/proxytoys/1.0/proxytoys-1.0.jar:/home/santi/.m2/repository/com/google/code/gson/gson/2.8.5/gson-2.8.5.jar:/home/santi/.m2/repository/com/rabbitmq/amqp-client/5.3.0/amqp-client-5.3.0.jar:"/>
    <property name="sun.cpu.endian" value="little"/>
    <property name="user.home" value="/home/santi"/>
    <property name="user.language" value="en"/>
    <property name="java.specification.vendor" value="Oracle Corporation"/>
    <property name="java.home" value="/usr/lib/jvm/java-8-openjdk-amd64/jre"/>
    <property name="basedir" value="/home/santi/Documents/OPC/OPC-WS-Driver"/>
    <property name="file.separator" value="/"/>
    <property name="line.separator" value="&#10;"/>
    <property name="java.vm.specification.vendor" value="Oracle Corporation"/>
    <property name="java.specification.name" value="Java Platform API Specification"/>
    <property name="java.awt.graphicsenv" value="sun.awt.X11GraphicsEnvironment"/>
    <property name="surefire.real.class.path" value="/home/santi/Documents/OPC/OPC-WS-Driver/target/surefire/surefirebooter1014147880813108787.jar"/>
    <property name="sun.boot.class.path" value="/usr/lib/jvm/java-8-openjdk-amd64/jre/lib/resources.jar:/usr/lib/jvm/java-8-openjdk-amd64/jre/lib/rt.jar:/usr/lib/jvm/java-8-openjdk-amd64/jre/lib/sunrsasign.jar:/usr/lib/jvm/java-8-openjdk-amd64/jre/lib/jsse.jar:/usr/lib/jvm/java-8-openjdk-amd64/jre/lib/jce.jar:/usr/lib/jvm/java-8-openjdk-amd64/jre/lib/charsets.jar:/usr/lib/jvm/java-8-openjdk-amd64/jre/lib/jfr.jar:/usr/lib/jvm/java-8-openjdk-amd64/jre/classes"/>
    <property name="sun.management.compiler" value="HotSpot 64-Bit Tiered Compilers"/>
    <property name="java.runtime.version" value="1.8.0_171-8u171-b11-0ubuntu0.18.04.1-b11"/>
    <property name="user.name" value="santi"/>
    <property name="path.separator" value=":"/>
    <property name="os.version" value="4.15.0-30-generic"/>
    <property name="java.endorsed.dirs" value="/usr/lib/jvm/java-8-openjdk-amd64/jre/lib/endorsed"/>
    <property name="java.runtime.name" value="OpenJDK Runtime Environment"/>
    <property name="file.encoding" value="UTF-8"/>
    <property name="java.vm.name" value="OpenJDK 64-Bit Server VM"/>
    <property name="localRepository" value="/home/santi/.m2/repository"/>
    <property name="java.vendor.url.bug" value="http://bugreport.sun.com/bugreport/"/>
    <property name="java.io.tmpdir" value="/tmp"/>
    <property name="java.version" value="1.8.0_171"/>
    <property name="user.dir" value="/home/santi/Documents/OPC/OPC-WS-Driver"/>
    <property name="os.arch" value="amd64"/>
    <property name="java.vm.specification.name" value="Java Virtual Machine Specification"/>
    <property name="java.awt.printerjob" value="sun.print.PSPrinterJob"/>
    <property name="sun.os.patch.level" value="unknown"/>
    <property name="java.library.path" value="/usr/java/packages/lib/amd64:/usr/lib/x86_64-linux-gnu/jni:/lib/x86_64-linux-gnu:/usr/lib/x86_64-linux-gnu:/usr/lib/jni:/lib:/usr/lib"/>
    <property name="java.vm.info" value="mixed mode"/>
    <property name="java.vendor" value="Oracle Corporation"/>
    <property name="java.vm.version" value="25.171-b11"/>
    <property name="java.ext.dirs" value="/usr/lib/jvm/java-8-openjdk-amd64/jre/lib/ext:/usr/java/packages/lib/ext"/>
    <property name="sun.io.unicode.encoding" value="UnicodeLittle"/>
    <property name="java.class.version" value="52.0"/>
  </properties>
  <testcase name="testApp" classname="com.mycompany.app.AppTest" time="0.001"/>
</testsuite>